# JRE version: OpenJDK Runtime Environment Temurin-17.0.11+9 (17.0.11+9) (build 17.0.11+9)
# Java VM: OpenJDK 64-Bit Server VM Temurin-17.0.11+9 (17.0.11+9, mixed mode, tiered, compressed oops, compressed class ptrs, parallel gc, windows-amd64)
GC Precious Log:
 CPUs: 16 total, 16 available
 Memory: 5989M
 Large Page Support: Disabled
 NUMA Support: Disabled
 Compressed Oops: Enabled (32-bit)
 Alignments: Space 512K, Generation 512K, Heap 2M
 Heap Min Capacity: 100M
 Heap Initial Capacity: 100M
 Heap Max Capacity: 1G
 Pre-touch: Disabled
 Parallel Workers: 13
Heap:
 PSYoungGen      total 32256K, used 19238K [0x00000000eab00000, 0x00000000ed800000, 0x0000000100000000)
  eden space 22528K, 43% used [0x00000000eab00000,0x00000000eb4a2b78,0x00000000ec100000)
  from space 9728K, 96% used [0x00000000ece80000,0x00000000ed7a6d30,0x00000000ed800000)
  to   space 10752K, 0% used [0x00000000ec300000,0x00000000ec300000,0x00000000ecd80000)
 ParOldGen       total 306176K, used 288024K [0x00000000c0000000, 0x00000000d2b00000, 0x00000000eab00000)
  object space 306176K, 94% used [0x00000000c0000000,0x00000000d1946248,0x00000000d2b00000)
 Metaspace       used 73156K, committed 74368K, reserved 1114112K
  class space    used 8875K, committed 9408K, reserved 1048576K
GC Heap History (20 events):
Event: 88.063 GC heap before
{Heap before GC invocations=345 (full 12):
 PSYoungGen      total 21504K, used 21211K [0x00000000eab00000, 0x00000000ec600000, 0x0000000100000000)
  eden space 16896K, 100% used [0x00000000eab00000,0x00000000ebb80000,0x00000000ebb80000)
  from space 4608K, 93% used [0x00000000ebb80000,0x00000000ebfb6d38,0x00000000ec000000)
  to   space 4608K, 0% used [0x00000000ec180000,0x00000000ec180000,0x00000000ec600000)
 ParOldGen       total 263680K, used 251140K [0x00000000c0000000, 0x00000000d0180000, 0x00000000eab00000)
  object space 263680K, 95% used [0x00000000c0000000,0x00000000cf541058,0x00000000d0180000)
 Metaspace       used 73113K, committed 74368K, reserved 1114112K
  class space    used 8872K, committed 9408K, reserved 1048576K
}
Event: 88.068 GC heap after
{Heap after GC invocations=345 (full 12):
 PSYoungGen      total 23040K, used 3946K [0x00000000eab00000, 0x00000000ec580000, 0x0000000100000000)
  eden space 18944K, 0% used [0x00000000eab00000,0x00000000eab00000,0x00000000ebd80000)
  from space 4096K, 96% used [0x00000000ec180000,0x00000000ec55aa00,0x00000000ec580000)
  to   space 4096K, 0% used [0x00000000ebd80000,0x00000000ebd80000,0x00000000ec180000)
 ParOldGen       total 263680K, used 255167K [0x00000000c0000000, 0x00000000d0180000, 0x00000000eab00000)
  object space 263680K, 96% used [0x00000000c0000000,0x00000000cf92fde0,0x00000000d0180000)
 Metaspace       used 73113K, committed 74368K, reserved 1114112K
  class space    used 8872K, committed 9408K, reserved 1048576K
}
Event: 88.171 GC heap before
{Heap before GC invocations=346 (full 12):
 PSYoungGen      total 23040K, used 22890K [0x00000000eab00000, 0x00000000ec580000, 0x0000000100000000)
  eden space 18944K, 100% used [0x00000000eab00000,0x00000000ebd80000,0x00000000ebd80000)
  from space 4096K, 96% used [0x00000000ec180000,0x00000000ec55aa00,0x00000000ec580000)
  to   space 4096K, 0% used [0x00000000ebd80000,0x00000000ebd80000,0x00000000ec180000)
 ParOldGen       total 263680K, used 255167K [0x00000000c0000000, 0x00000000d0180000, 0x00000000eab00000)
  object space 263680K, 96% used [0x00000000c0000000,0x00000000cf92fde0,0x00000000d0180000)
 Metaspace       used 73113K, committed 74368K, reserved 1114112K
  class space    used 8872K, committed 9408K, reserved 1048576K
}
Event: 88.177 GC heap after
{Heap after GC invocations=346 (full 12):
 PSYoungGen      total 23040K, used 4078K [0x00000000eab00000, 0x00000000ed080000, 0x0000000100000000)
  eden space 18944K, 0% used [0x00000000eab00000,0x00000000eab00000,0x00000000ebd80000)
  from space 4096K, 99% used [0x00000000ebd80000,0x00000000ec17b830,0x00000000ec180000)
  to   space 8704K, 0% used [0x00000000ec800000,0x00000000ec800000,0x00000000ed080000)
 ParOldGen       total 263680K, used 259004K [0x00000000c0000000, 0x00000000d0180000, 0x00000000eab00000)
  object space 263680K, 98% used [0x00000000c0000000,0x00000000cfcef120,0x00000000d0180000)
 Metaspace       used 73113K, committed 74368K, reserved 1114112K
  class space    used 8872K, committed 9408K, reserved 1048576K
}
Event: 88.269 GC heap before
{Heap before GC invocations=347 (full 12):
 PSYoungGen      total 23040K, used 23022K [0x00000000eab00000, 0x00000000ed080000, 0x0000000100000000)
  eden space 18944K, 100% used [0x00000000eab00000,0x00000000ebd80000,0x00000000ebd80000)
  from space 4096K, 99% used [0x00000000ebd80000,0x00000000ec17b830,0x00000000ec180000)
  to   space 8704K, 0% used [0x00000000ec800000,0x00000000ec800000,0x00000000ed080000)
 ParOldGen       total 263680K, used 259004K [0x00000000c0000000, 0x00000000d0180000, 0x00000000eab00000)
  object space 263680K, 98% used [0x00000000c0000000,0x00000000cfcef120,0x00000000d0180000)
 Metaspace       used 73113K, committed 74368K, reserved 1114112K
  class space    used 8872K, committed 9408K, reserved 1048576K
}
Event: 88.277 GC heap after
{Heap after GC invocations=347 (full 12):
 PSYoungGen      total 25600K, used 4317K [0x00000000eab00000, 0x00000000ecc80000, 0x0000000100000000)
  eden space 20992K, 0% used [0x00000000eab00000,0x00000000eab00000,0x00000000ebf80000)
  from space 4608K, 93% used [0x00000000ec800000,0x00000000ecc37680,0x00000000ecc80000)
  to   space 5632K, 0% used [0x00000000ec180000,0x00000000ec180000,0x00000000ec700000)
 ParOldGen       total 263680K, used 262955K [0x00000000c0000000, 0x00000000d0180000, 0x00000000eab00000)
  object space 263680K, 99% used [0x00000000c0000000,0x00000000d00cac80,0x00000000d0180000)
 Metaspace       used 73113K, committed 74368K, reserved 1114112K
  class space    used 8872K, committed 9408K, reserved 1048576K
}
Event: 88.277 GC heap before
{Heap before GC invocations=348 (full 13):
 PSYoungGen      total 25600K, used 4317K [0x00000000eab00000, 0x00000000ecc80000, 0x0000000100000000)
  eden space 20992K, 0% used [0x00000000eab00000,0x00000000eab00000,0x00000000ebf80000)
  from space 4608K, 93% used [0x00000000ec800000,0x00000000ecc37680,0x00000000ecc80000)
  to   space 5632K, 0% used [0x00000000ec180000,0x00000000ec180000,0x00000000ec700000)
 ParOldGen       total 263680K, used 262955K [0x00000000c0000000, 0x00000000d0180000, 0x00000000eab00000)
  object space 263680K, 99% used [0x00000000c0000000,0x00000000d00cac80,0x00000000d0180000)
 Metaspace       used 73113K, committed 74368K, reserved 1114112K
  class space    used 8872K, committed 9408K, reserved 1048576K
}
Event: 88.548 GC heap after
{Heap after GC invocations=348 (full 13):
 PSYoungGen      total 28672K, used 0K [0x00000000eab00000, 0x00000000ecc80000, 0x0000000100000000)
  eden space 23040K, 0% used [0x00000000eab00000,0x00000000eab00000,0x00000000ec180000)
  from space 5632K, 0% used [0x00000000ec180000,0x00000000ec180000,0x00000000ec700000)
  to   space 5632K, 0% used [0x00000000ec700000,0x00000000ec700000,0x00000000ecc80000)
 ParOldGen       total 306176K, used 262664K [0x00000000c0000000, 0x00000000d2b00000, 0x00000000eab00000)
  object space 306176K, 85% used [0x00000000c0000000,0x00000000d0082300,0x00000000d2b00000)
 Metaspace       used 73113K, committed 74368K, reserved 1114112K
  class space    used 8872K, committed 9408K, reserved 1048576K
}
Event: 88.657 GC heap before
{Heap before GC invocations=349 (full 13):
 PSYoungGen      total 28672K, used 23040K [0x00000000eab00000, 0x00000000ecc80000, 0x0000000100000000)
  eden space 23040K, 100% used [0x00000000eab00000,0x00000000ec180000,0x00000000ec180000)
  from space 5632K, 0% used [0x00000000ec180000,0x00000000ec180000,0x00000000ec700000)
  to   space 5632K, 0% used [0x00000000ec700000,0x00000000ec700000,0x00000000ecc80000)
 ParOldGen       total 306176K, used 262664K [0x00000000c0000000, 0x00000000d2b00000, 0x00000000eab00000)
  object space 306176K, 85% used [0x00000000c0000000,0x00000000d0082300,0x00000000d2b00000)
 Metaspace       used 73129K, committed 74368K, reserved 1114112K
  class space    used 8874K, committed 9408K, reserved 1048576K
}
Event: 88.664 GC heap after
{Heap after GC invocations=349 (full 13):
 PSYoungGen      total 28160K, used 5529K [0x00000000eab00000, 0x00000000ecf80000, 0x0000000100000000)
  eden space 22528K, 0% used [0x00000000eab00000,0x00000000eab00000,0x00000000ec100000)
  from space 5632K, 98% used [0x00000000ec700000,0x00000000ecc66538,0x00000000ecc80000)
  to   space 6144K, 0% used [0x00000000ec100000,0x00000000ec100000,0x00000000ec700000)
 ParOldGen       total 306176K, used 262664K [0x00000000c0000000, 0x00000000d2b00000, 0x00000000eab00000)
  object space 306176K, 85% used [0x00000000c0000000,0x00000000d0082300,0x00000000d2b00000)
 Metaspace       used 73129K, committed 74368K, reserved 1114112K
  class space    used 8874K, committed 9408K, reserved 1048576K
}
Event: 88.796 GC heap before
{Heap before GC invocations=350 (full 13):
 PSYoungGen      total 28160K, used 28057K [0x00000000eab00000, 0x00000000ecf80000, 0x0000000100000000)
  eden space 22528K, 100% used [0x00000000eab00000,0x00000000ec100000,0x00000000ec100000)
  from space 5632K, 98% used [0x00000000ec700000,0x00000000ecc66538,0x00000000ecc80000)
  to   space 6144K, 0% used [0x00000000ec100000,0x00000000ec100000,0x00000000ec700000)
 ParOldGen       total 306176K, used 262664K [0x00000000c0000000, 0x00000000d2b00000, 0x00000000eab00000)
  object space 306176K, 85% used [0x00000000c0000000,0x00000000d0082300,0x00000000d2b00000)
 Metaspace       used 73150K, committed 74368K, reserved 1114112K
  class space    used 8874K, committed 9408K, reserved 1048576K
}
Event: 88.801 GC heap after
{Heap after GC invocations=350 (full 13):
 PSYoungGen      total 28672K, used 6122K [0x00000000eab00000, 0x00000000ed700000, 0x0000000100000000)
  eden space 22528K, 0% used [0x00000000eab00000,0x00000000eab00000,0x00000000ec100000)
  from space 6144K, 99% used [0x00000000ec100000,0x00000000ec6fab90,0x00000000ec700000)
  to   space 11264K, 0% used [0x00000000ecc00000,0x00000000ecc00000,0x00000000ed700000)
 ParOldGen       total 306176K, used 266888K [0x00000000c0000000, 0x00000000d2b00000, 0x00000000eab00000)
  object space 306176K, 87% used [0x00000000c0000000,0x00000000d04a2240,0x00000000d2b00000)
 Metaspace       used 73150K, committed 74368K, reserved 1114112K
  class space    used 8874K, committed 9408K, reserved 1048576K
}
Event: 88.915 GC heap before
{Heap before GC invocations=351 (full 13):
 PSYoungGen      total 28672K, used 28650K [0x00000000eab00000, 0x00000000ed700000, 0x0000000100000000)
  eden space 22528K, 100% used [0x00000000eab00000,0x00000000ec100000,0x00000000ec100000)
  from space 6144K, 99% used [0x00000000ec100000,0x00000000ec6fab90,0x00000000ec700000)
  to   space 11264K, 0% used [0x00000000ecc00000,0x00000000ecc00000,0x00000000ed700000)
 ParOldGen       total 306176K, used 266888K [0x00000000c0000000, 0x00000000d2b00000, 0x00000000eab00000)
  object space 306176K, 87% used [0x00000000c0000000,0x00000000d04a2240,0x00000000d2b00000)
 Metaspace       used 73150K, committed 74368K, reserved 1114112K
  class space    used 8874K, committed 9408K, reserved 1048576K
}
Event: 88.923 GC heap after
{Heap after GC invocations=351 (full 13):
 PSYoungGen      total 30720K, used 8115K [0x00000000eab00000, 0x00000000ed400000, 0x0000000100000000)
  eden space 22528K, 0% used [0x00000000eab00000,0x00000000eab00000,0x00000000ec100000)
  from space 8192K, 99% used [0x00000000ecc00000,0x00000000ed3eccb0,0x00000000ed400000)
  to   space 9216K, 0% used [0x00000000ec200000,0x00000000ec200000,0x00000000ecb00000)
 ParOldGen       total 306176K, used 269995K [0x00000000c0000000, 0x00000000d2b00000, 0x00000000eab00000)
  object space 306176K, 88% used [0x00000000c0000000,0x00000000d07aad38,0x00000000d2b00000)
 Metaspace       used 73150K, committed 74368K, reserved 1114112K
  class space    used 8874K, committed 9408K, reserved 1048576K
}
Event: 89.037 GC heap before
{Heap before GC invocations=352 (full 13):
 PSYoungGen      total 30720K, used 30643K [0x00000000eab00000, 0x00000000ed400000, 0x0000000100000000)
  eden space 22528K, 100% used [0x00000000eab00000,0x00000000ec100000,0x00000000ec100000)
  from space 8192K, 99% used [0x00000000ecc00000,0x00000000ed3eccb0,0x00000000ed400000)
  to   space 9216K, 0% used [0x00000000ec200000,0x00000000ec200000,0x00000000ecb00000)
 ParOldGen       total 306176K, used 269995K [0x00000000c0000000, 0x00000000d2b00000, 0x00000000eab00000)
  object space 306176K, 88% used [0x00000000c0000000,0x00000000d07aad38,0x00000000d2b00000)
 Metaspace       used 73150K, committed 74368K, reserved 1114112K
  class space    used 8874K, committed 9408K, reserved 1048576K
}
Event: 89.043 GC heap after
{Heap after GC invocations=352 (full 13):
 PSYoungGen      total 31744K, used 9196K [0x00000000eab00000, 0x00000000ed400000, 0x0000000100000000)
  eden space 22528K, 0% used [0x00000000eab00000,0x00000000eab00000,0x00000000ec100000)
  from space 9216K, 99% used [0x00000000ec200000,0x00000000ecafb170,0x00000000ecb00000)
  to   space 8192K, 0% used [0x00000000ecc00000,0x00000000ecc00000,0x00000000ed400000)
 ParOldGen       total 306176K, used 273629K [0x00000000c0000000, 0x00000000d2b00000, 0x00000000eab00000)
  object space 306176K, 89% used [0x00000000c0000000,0x00000000d0b37518,0x00000000d2b00000)
 Metaspace       used 73150K, committed 74368K, reserved 1114112K
  class space    used 8874K, committed 9408K, reserved 1048576K
}
Event: 89.128 GC heap before
{Heap before GC invocations=353 (full 13):
 PSYoungGen      total 31744K, used 31724K [0x00000000eab00000, 0x00000000ed400000, 0x0000000100000000)
  eden space 22528K, 100% used [0x00000000eab00000,0x00000000ec100000,0x00000000ec100000)
  from space 9216K, 99% used [0x00000000ec200000,0x00000000ecafb170,0x00000000ecb00000)
  to   space 8192K, 0% used [0x00000000ecc00000,0x00000000ecc00000,0x00000000ed400000)
 ParOldGen       total 306176K, used 273629K [0x00000000c0000000, 0x00000000d2b00000, 0x00000000eab00000)
  object space 306176K, 89% used [0x00000000c0000000,0x00000000d0b37518,0x00000000d2b00000)
 Metaspace       used 73150K, committed 74368K, reserved 1114112K
  class space    used 8874K, committed 9408K, reserved 1048576K
}
Event: 89.136 GC heap after
{Heap after GC invocations=353 (full 13):
 PSYoungGen      total 30720K, used 7987K [0x00000000eab00000, 0x00000000ed500000, 0x0000000100000000)
  eden space 22528K, 0% used [0x00000000eab00000,0x00000000eab00000,0x00000000ec100000)
  from space 8192K, 97% used [0x00000000ecc00000,0x00000000ed3ccdb0,0x00000000ed400000)
  to   space 10240K, 0% used [0x00000000ec100000,0x00000000ec100000,0x00000000ecb00000)
 ParOldGen       total 306176K, used 279451K [0x00000000c0000000, 0x00000000d2b00000, 0x00000000eab00000)
  object space 306176K, 91% used [0x00000000c0000000,0x00000000d10e6ff8,0x00000000d2b00000)
 Metaspace       used 73150K, committed 74368K, reserved 1114112K
  class space    used 8874K, committed 9408K, reserved 1048576K
}
Event: 89.246 GC heap before
{Heap before GC invocations=354 (full 13):
 PSYoungGen      total 30720K, used 30515K [0x00000000eab00000, 0x00000000ed500000, 0x0000000100000000)
  eden space 22528K, 100% used [0x00000000eab00000,0x00000000ec100000,0x00000000ec100000)
  from space 8192K, 97% used [0x00000000ecc00000,0x00000000ed3ccdb0,0x00000000ed400000)
  to   space 10240K, 0% used [0x00000000ec100000,0x00000000ec100000,0x00000000ecb00000)
 ParOldGen       total 306176K, used 279451K [0x00000000c0000000, 0x00000000d2b00000, 0x00000000eab00000)
  object space 306176K, 91% used [0x00000000c0000000,0x00000000d10e6ff8,0x00000000d2b00000)
 Metaspace       used 73150K, committed 74368K, reserved 1114112K
  class space    used 8874K, committed 9408K, reserved 1048576K
}
Event: 89.253 GC heap after
{Heap after GC invocations=354 (full 13):
 PSYoungGen      total 32768K, used 10229K [0x00000000eab00000, 0x00000000edc00000, 0x0000000100000000)
  eden space 22528K, 0% used [0x00000000eab00000,0x00000000eab00000,0x00000000ec100000)
  from space 10240K, 99% used [0x00000000ec100000,0x00000000ecafd5d0,0x00000000ecb00000)
  to   space 13824K, 0% used [0x00000000ece80000,0x00000000ece80000,0x00000000edc00000)
 ParOldGen       total 306176K, used 281944K [0x00000000c0000000, 0x00000000d2b00000, 0x00000000eab00000)
  object space 306176K, 92% used [0x00000000c0000000,0x00000000d1356110,0x00000000d2b00000)
 Metaspace       used 73150K, committed 74368K, reserved 1114112K
  class space    used 8874K, committed 9408K, reserved 1048576K
}

