# JRE version: OpenJDK Runtime Environment Temurin-17.0.11+9 (17.0.11+9) (build 17.0.11+9)
# Java VM: OpenJDK 64-Bit Server VM Temurin-17.0.11+9 (17.0.11+9, mixed mode, tiered, compressed oops, compressed class ptrs, parallel gc, windows-amd64)
GC Precious Log:
 CPUs: 16 total, 16 available
 Memory: 5989M
 Large Page Support: Disabled
 NUMA Support: Disabled
 Compressed Oops: Enabled (32-bit)
 Alignments: Space 512K, Generation 512K, Heap 2M
 Heap Min Capacity: 100M
 Heap Initial Capacity: 100M
 Heap Max Capacity: 1G
 Pre-touch: Disabled
 Parallel Workers: 13
Heap:
 PSYoungGen      total 67584K, used 19692K [0x00000000eab00000, 0x00000000f0000000, 0x0000000100000000)
  eden space 44032K, 44% used [0x00000000eab00000,0x00000000ebe3b128,0x00000000ed600000)
  from space 23552K, 0% used [0x00000000ed600000,0x00000000ed600000,0x00000000eed00000)
  to   space 19456K, 0% used [0x00000000eed00000,0x00000000eed00000,0x00000000f0000000)
 ParOldGen       total 283648K, used 185812K [0x00000000c0000000, 0x00000000d1500000, 0x00000000eab00000)
  object space 283648K, 65% used [0x00000000c0000000,0x00000000cb575360,0x00000000d1500000)
 Metaspace       used 71481K, committed 72640K, reserved 1114112K
  class space    used 8700K, committed 9216K, reserved 1048576K
GC Heap History (20 events):
Event: 82.305 GC heap before
{Heap before GC invocations=217 (full 14):
 PSYoungGen      total 66560K, used 57787K [0x00000000eab00000, 0x00000000f0080000, 0x0000000100000000)
  eden space 49664K, 100% used [0x00000000eab00000,0x00000000edb80000,0x00000000edb80000)
  from space 16896K, 48% used [0x00000000eec80000,0x00000000ef46ed18,0x00000000efd00000)
  to   space 17408K, 0% used [0x00000000edb80000,0x00000000edb80000,0x00000000eec80000)
 ParOldGen       total 307712K, used 245930K [0x00000000c0000000, 0x00000000d2c80000, 0x00000000eab00000)
  object space 307712K, 79% used [0x00000000c0000000,0x00000000cf02a8c8,0x00000000d2c80000)
 Metaspace       used 70611K, committed 71808K, reserved 1114112K
  class space    used 8584K, committed 9152K, reserved 1048576K
}
Event: 82.323 GC heap after
{Heap after GC invocations=217 (full 14):
 PSYoungGen      total 67072K, used 15424K [0x00000000eab00000, 0x00000000eff80000, 0x0000000100000000)
  eden space 49664K, 0% used [0x00000000eab00000,0x00000000eab00000,0x00000000edb80000)
  from space 17408K, 88% used [0x00000000edb80000,0x00000000eea90000,0x00000000eec80000)
  to   space 16384K, 0% used [0x00000000eef80000,0x00000000eef80000,0x00000000eff80000)
 ParOldGen       total 307712K, used 245930K [0x00000000c0000000, 0x00000000d2c80000, 0x00000000eab00000)
  object space 307712K, 79% used [0x00000000c0000000,0x00000000cf02a8c8,0x00000000d2c80000)
 Metaspace       used 70611K, committed 71808K, reserved 1114112K
  class space    used 8584K, committed 9152K, reserved 1048576K
}
Event: 82.556 GC heap before
{Heap before GC invocations=218 (full 14):
 PSYoungGen      total 67072K, used 65088K [0x00000000eab00000, 0x00000000eff80000, 0x0000000100000000)
  eden space 49664K, 100% used [0x00000000eab00000,0x00000000edb80000,0x00000000edb80000)
  from space 17408K, 88% used [0x00000000edb80000,0x00000000eea90000,0x00000000eec80000)
  to   space 16384K, 0% used [0x00000000eef80000,0x00000000eef80000,0x00000000eff80000)
 ParOldGen       total 307712K, used 245930K [0x00000000c0000000, 0x00000000d2c80000, 0x00000000eab00000)
  object space 307712K, 79% used [0x00000000c0000000,0x00000000cf02a8c8,0x00000000d2c80000)
 Metaspace       used 70618K, committed 71808K, reserved 1114112K
  class space    used 8585K, committed 9152K, reserved 1048576K
}
Event: 82.587 GC heap after
{Heap after GC invocations=218 (full 14):
 PSYoungGen      total 62464K, used 16368K [0x00000000eab00000, 0x00000000f0e80000, 0x0000000100000000)
  eden space 46080K, 0% used [0x00000000eab00000,0x00000000eab00000,0x00000000ed800000)
  from space 16384K, 99% used [0x00000000eef80000,0x00000000eff7c010,0x00000000eff80000)
  to   space 24064K, 0% used [0x00000000ed800000,0x00000000ed800000,0x00000000eef80000)
 ParOldGen       total 307712K, used 252256K [0x00000000c0000000, 0x00000000d2c80000, 0x00000000eab00000)
  object space 307712K, 81% used [0x00000000c0000000,0x00000000cf6582e8,0x00000000d2c80000)
 Metaspace       used 70618K, committed 71808K, reserved 1114112K
  class space    used 8585K, committed 9152K, reserved 1048576K
}
Event: 82.753 GC heap before
{Heap before GC invocations=219 (full 14):
 PSYoungGen      total 62464K, used 62448K [0x00000000eab00000, 0x00000000f0e80000, 0x0000000100000000)
  eden space 46080K, 100% used [0x00000000eab00000,0x00000000ed800000,0x00000000ed800000)
  from space 16384K, 99% used [0x00000000eef80000,0x00000000eff7c010,0x00000000eff80000)
  to   space 24064K, 0% used [0x00000000ed800000,0x00000000ed800000,0x00000000eef80000)
 ParOldGen       total 307712K, used 252256K [0x00000000c0000000, 0x00000000d2c80000, 0x00000000eab00000)
  object space 307712K, 81% used [0x00000000c0000000,0x00000000cf6582e8,0x00000000d2c80000)
 Metaspace       used 70838K, committed 72064K, reserved 1114112K
  class space    used 8611K, committed 9152K, reserved 1048576K
}
Event: 82.770 GC heap after
{Heap after GC invocations=219 (full 14):
 PSYoungGen      total 63488K, used 17072K [0x00000000eab00000, 0x00000000f0200000, 0x0000000100000000)
  eden space 46080K, 0% used [0x00000000eab00000,0x00000000eab00000,0x00000000ed800000)
  from space 17408K, 98% used [0x00000000ed800000,0x00000000ee8ac010,0x00000000ee900000)
  to   space 19456K, 0% used [0x00000000eef00000,0x00000000eef00000,0x00000000f0200000)
 ParOldGen       total 307712K, used 258360K [0x00000000c0000000, 0x00000000d2c80000, 0x00000000eab00000)
  object space 307712K, 83% used [0x00000000c0000000,0x00000000cfc4e2e8,0x00000000d2c80000)
 Metaspace       used 70838K, committed 72064K, reserved 1114112K
  class space    used 8611K, committed 9152K, reserved 1048576K
}
Event: 82.944 GC heap before
{Heap before GC invocations=220 (full 14):
 PSYoungGen      total 63488K, used 63152K [0x00000000eab00000, 0x00000000f0200000, 0x0000000100000000)
  eden space 46080K, 100% used [0x00000000eab00000,0x00000000ed800000,0x00000000ed800000)
  from space 17408K, 98% used [0x00000000ed800000,0x00000000ee8ac010,0x00000000ee900000)
  to   space 19456K, 0% used [0x00000000eef00000,0x00000000eef00000,0x00000000f0200000)
 ParOldGen       total 307712K, used 258360K [0x00000000c0000000, 0x00000000d2c80000, 0x00000000eab00000)
  object space 307712K, 83% used [0x00000000c0000000,0x00000000cfc4e2e8,0x00000000d2c80000)
 Metaspace       used 71280K, committed 72448K, reserved 1114112K
  class space    used 8679K, committed 9216K, reserved 1048576K
}
Event: 82.962 GC heap after
{Heap after GC invocations=220 (full 14):
 PSYoungGen      total 64000K, used 19440K [0x00000000eab00000, 0x00000000f0d00000, 0x0000000100000000)
  eden space 44544K, 0% used [0x00000000eab00000,0x00000000eab00000,0x00000000ed680000)
  from space 19456K, 99% used [0x00000000eef00000,0x00000000f01fc010,0x00000000f0200000)
  to   space 25088K, 0% used [0x00000000ed680000,0x00000000ed680000,0x00000000eef00000)
 ParOldGen       total 307712K, used 262512K [0x00000000c0000000, 0x00000000d2c80000, 0x00000000eab00000)
  object space 307712K, 85% used [0x00000000c0000000,0x00000000d005c2e8,0x00000000d2c80000)
 Metaspace       used 71280K, committed 72448K, reserved 1114112K
  class space    used 8679K, committed 9216K, reserved 1048576K
}
Event: 83.107 GC heap before
{Heap before GC invocations=221 (full 14):
 PSYoungGen      total 64000K, used 63984K [0x00000000eab00000, 0x00000000f0d00000, 0x0000000100000000)
  eden space 44544K, 100% used [0x00000000eab00000,0x00000000ed680000,0x00000000ed680000)
  from space 19456K, 99% used [0x00000000eef00000,0x00000000f01fc010,0x00000000f0200000)
  to   space 25088K, 0% used [0x00000000ed680000,0x00000000ed680000,0x00000000eef00000)
 ParOldGen       total 307712K, used 262512K [0x00000000c0000000, 0x00000000d2c80000, 0x00000000eab00000)
  object space 307712K, 85% used [0x00000000c0000000,0x00000000d005c2e8,0x00000000d2c80000)
 Metaspace       used 71319K, committed 72512K, reserved 1114112K
  class space    used 8684K, committed 9216K, reserved 1048576K
}
Event: 83.130 GC heap after
{Heap after GC invocations=221 (full 14):
 PSYoungGen      total 60928K, used 16000K [0x00000000eab00000, 0x00000000eff80000, 0x0000000100000000)
  eden space 44544K, 0% used [0x00000000eab00000,0x00000000eab00000,0x00000000ed680000)
  from space 16384K, 97% used [0x00000000ed680000,0x00000000ee620010,0x00000000ee680000)
  to   space 18944K, 0% used [0x00000000eed00000,0x00000000eed00000,0x00000000eff80000)
 ParOldGen       total 307712K, used 272463K [0x00000000c0000000, 0x00000000d2c80000, 0x00000000eab00000)
  object space 307712K, 88% used [0x00000000c0000000,0x00000000d0a13d20,0x00000000d2c80000)
 Metaspace       used 71319K, committed 72512K, reserved 1114112K
  class space    used 8684K, committed 9216K, reserved 1048576K
}
Event: 83.310 GC heap before
{Heap before GC invocations=222 (full 14):
 PSYoungGen      total 60928K, used 60544K [0x00000000eab00000, 0x00000000eff80000, 0x0000000100000000)
  eden space 44544K, 100% used [0x00000000eab00000,0x00000000ed680000,0x00000000ed680000)
  from space 16384K, 97% used [0x00000000ed680000,0x00000000ee620010,0x00000000ee680000)
  to   space 18944K, 0% used [0x00000000eed00000,0x00000000eed00000,0x00000000eff80000)
 ParOldGen       total 307712K, used 272463K [0x00000000c0000000, 0x00000000d2c80000, 0x00000000eab00000)
  object space 307712K, 88% used [0x00000000c0000000,0x00000000d0a13d20,0x00000000d2c80000)
 Metaspace       used 71319K, committed 72512K, reserved 1114112K
  class space    used 8684K, committed 9216K, reserved 1048576K
}
Event: 83.332 GC heap after
{Heap after GC invocations=222 (full 14):
 PSYoungGen      total 62976K, used 18912K [0x00000000eab00000, 0x00000000f0880000, 0x0000000100000000)
  eden space 44032K, 0% used [0x00000000eab00000,0x00000000eab00000,0x00000000ed600000)
  from space 18944K, 99% used [0x00000000eed00000,0x00000000eff78010,0x00000000eff80000)
  to   space 23552K, 0% used [0x00000000ed600000,0x00000000ed600000,0x00000000eed00000)
 ParOldGen       total 307712K, used 275579K [0x00000000c0000000, 0x00000000d2c80000, 0x00000000eab00000)
  object space 307712K, 89% used [0x00000000c0000000,0x00000000d0d1ef28,0x00000000d2c80000)
 Metaspace       used 71319K, committed 72512K, reserved 1114112K
  class space    used 8684K, committed 9216K, reserved 1048576K
}
Event: 83.486 GC heap before
{Heap before GC invocations=223 (full 14):
 PSYoungGen      total 62976K, used 62944K [0x00000000eab00000, 0x00000000f0880000, 0x0000000100000000)
  eden space 44032K, 100% used [0x00000000eab00000,0x00000000ed600000,0x00000000ed600000)
  from space 18944K, 99% used [0x00000000eed00000,0x00000000eff78010,0x00000000eff80000)
  to   space 23552K, 0% used [0x00000000ed600000,0x00000000ed600000,0x00000000eed00000)
 ParOldGen       total 307712K, used 275579K [0x00000000c0000000, 0x00000000d2c80000, 0x00000000eab00000)
  object space 307712K, 89% used [0x00000000c0000000,0x00000000d0d1ef28,0x00000000d2c80000)
 Metaspace       used 71320K, committed 72512K, reserved 1114112K
  class space    used 8684K, committed 9216K, reserved 1048576K
}
Event: 83.507 GC heap after
{Heap after GC invocations=223 (full 14):
 PSYoungGen      total 67584K, used 17824K [0x00000000eab00000, 0x00000000f0000000, 0x0000000100000000)
  eden space 44032K, 0% used [0x00000000eab00000,0x00000000eab00000,0x00000000ed600000)
  from space 23552K, 75% used [0x00000000ed600000,0x00000000ee768010,0x00000000eed00000)
  to   space 19456K, 0% used [0x00000000eed00000,0x00000000eed00000,0x00000000f0000000)
 ParOldGen       total 307712K, used 283103K [0x00000000c0000000, 0x00000000d2c80000, 0x00000000eab00000)
  object space 307712K, 92% used [0x00000000c0000000,0x00000000d1477f38,0x00000000d2c80000)
 Metaspace       used 71320K, committed 72512K, reserved 1114112K
  class space    used 8684K, committed 9216K, reserved 1048576K
}
Event: 84.449 GC heap before
{Heap before GC invocations=224 (full 14):
 PSYoungGen      total 67584K, used 61746K [0x00000000eab00000, 0x00000000f0000000, 0x0000000100000000)
  eden space 44032K, 99% used [0x00000000eab00000,0x00000000ed5e4b00,0x00000000ed600000)
  from space 23552K, 75% used [0x00000000ed600000,0x00000000ee768010,0x00000000eed00000)
  to   space 19456K, 0% used [0x00000000eed00000,0x00000000eed00000,0x00000000f0000000)
 ParOldGen       total 307712K, used 283103K [0x00000000c0000000, 0x00000000d2c80000, 0x00000000eab00000)
  object space 307712K, 92% used [0x00000000c0000000,0x00000000d1477f38,0x00000000d2c80000)
 Metaspace       used 71369K, committed 72512K, reserved 1114112K
  class space    used 8692K, committed 9216K, reserved 1048576K
}
Event: 84.476 GC heap after
{Heap after GC invocations=224 (full 14):
 PSYoungGen      total 63488K, used 19424K [0x00000000eab00000, 0x00000000f0000000, 0x0000000100000000)
  eden space 44032K, 0% used [0x00000000eab00000,0x00000000eab00000,0x00000000ed600000)
  from space 19456K, 99% used [0x00000000eed00000,0x00000000efff8278,0x00000000f0000000)
  to   space 23552K, 0% used [0x00000000ed600000,0x00000000ed600000,0x00000000eed00000)
 ParOldGen       total 307712K, used 307473K [0x00000000c0000000, 0x00000000d2c80000, 0x00000000eab00000)
  object space 307712K, 99% used [0x00000000c0000000,0x00000000d2c445d0,0x00000000d2c80000)
 Metaspace       used 71369K, committed 72512K, reserved 1114112K
  class space    used 8692K, committed 9216K, reserved 1048576K
}
Event: 84.476 GC heap before
{Heap before GC invocations=225 (full 15):
 PSYoungGen      total 63488K, used 19424K [0x00000000eab00000, 0x00000000f0000000, 0x0000000100000000)
  eden space 44032K, 0% used [0x00000000eab00000,0x00000000eab00000,0x00000000ed600000)
  from space 19456K, 99% used [0x00000000eed00000,0x00000000efff8278,0x00000000f0000000)
  to   space 23552K, 0% used [0x00000000ed600000,0x00000000ed600000,0x00000000eed00000)
 ParOldGen       total 307712K, used 307473K [0x00000000c0000000, 0x00000000d2c80000, 0x00000000eab00000)
  object space 307712K, 99% used [0x00000000c0000000,0x00000000d2c445d0,0x00000000d2c80000)
 Metaspace       used 71369K, committed 72512K, reserved 1114112K
  class space    used 8692K, committed 9216K, reserved 1048576K
}
Event: 85.221 GC heap after
{Heap after GC invocations=225 (full 15):
 PSYoungGen      total 63488K, used 17329K [0x00000000eab00000, 0x00000000f0000000, 0x0000000100000000)
  eden space 44032K, 0% used [0x00000000eab00000,0x00000000eab00000,0x00000000ed600000)
  from space 19456K, 89% used [0x00000000eed00000,0x00000000efdec520,0x00000000f0000000)
  to   space 23552K, 0% used [0x00000000ed600000,0x00000000ed600000,0x00000000eed00000)
 ParOldGen       total 307712K, used 307438K [0x00000000c0000000, 0x00000000d2c80000, 0x00000000eab00000)
  object space 307712K, 99% used [0x00000000c0000000,0x00000000d2c3bb50,0x00000000d2c80000)
 Metaspace       used 71369K, committed 72512K, reserved 1114112K
  class space    used 8692K, committed 9216K, reserved 1048576K
}
Event: 86.607 GC heap before
{Heap before GC invocations=226 (full 16):
 PSYoungGen      total 63488K, used 61361K [0x00000000eab00000, 0x00000000f0000000, 0x0000000100000000)
  eden space 44032K, 100% used [0x00000000eab00000,0x00000000ed600000,0x00000000ed600000)
  from space 19456K, 89% used [0x00000000eed00000,0x00000000efdec520,0x00000000f0000000)
  to   space 23552K, 0% used [0x00000000ed600000,0x00000000ed600000,0x00000000eed00000)
 ParOldGen       total 307712K, used 307438K [0x00000000c0000000, 0x00000000d2c80000, 0x00000000eab00000)
  object space 307712K, 99% used [0x00000000c0000000,0x00000000d2c3bb50,0x00000000d2c80000)
 Metaspace       used 71450K, committed 72576K, reserved 1114112K
  class space    used 8699K, committed 9216K, reserved 1048576K
}
Event: 86.721 GC heap after
{Heap after GC invocations=226 (full 16):
 PSYoungGen      total 67584K, used 0K [0x00000000eab00000, 0x00000000f0000000, 0x0000000100000000)
  eden space 44032K, 0% used [0x00000000eab00000,0x00000000eab00000,0x00000000ed600000)
  from space 23552K, 0% used [0x00000000ed600000,0x00000000ed600000,0x00000000eed00000)
  to   space 19456K, 0% used [0x00000000eed00000,0x00000000eed00000,0x00000000f0000000)
 ParOldGen       total 283648K, used 185812K [0x00000000c0000000, 0x00000000d1500000, 0x00000000eab00000)
  object space 283648K, 65% used [0x00000000c0000000,0x00000000cb575360,0x00000000d1500000)
 Metaspace       used 71450K, committed 72576K, reserved 1114112K
  class space    used 8699K, committed 9216K, reserved 1048576K
}

