# JRE version: OpenJDK Runtime Environment Temurin-17.0.11+9 (17.0.11+9) (build 17.0.11+9)
# Java VM: OpenJDK 64-Bit Server VM Temurin-17.0.11+9 (17.0.11+9, mixed mode, tiered, compressed oops, compressed class ptrs, g1 gc, windows-amd64)
GC Precious Log:
 CPUs: 16 total, 16 available
 Memory: 5989M
 Large Page Support: Disabled
 NUMA Support: Disabled
 Compressed Oops: Enabled (32-bit)
 Heap Region Size: 1M
 Heap Min Capacity: 256M
 Heap Initial Capacity: 256M
 Heap Max Capacity: 512M
 Pre-touch: Disabled
 Parallel Workers: 13
 Concurrent Workers: 3
 Concurrent Refinement Workers: 13
 Periodic GC: Disabled
Heap:
 garbage-first heap   total 262144K, used 53983K [0x00000000e0000000, 0x0000000100000000)
  region size 1024K, 19 young (19456K), 14 survivors (14336K)
 Metaspace       used 61020K, committed 61632K, reserved 393216K
  class space    used 8322K, committed 8640K, reserved 327680K
GC Heap History (18 events):
Event: 0.906 GC heap before
{Heap before GC invocations=0 (full 0):
 garbage-first heap   total 262144K, used 26624K [0x00000000e0000000, 0x0000000100000000)
  region size 1024K, 23 young (23552K), 0 survivors (0K)
 Metaspace       used 7773K, committed 7936K, reserved 393216K
  class space    used 785K, committed 896K, reserved 327680K
}
Event: 0.911 GC heap after
{Heap after GC invocations=1 (full 0):
 garbage-first heap   total 262144K, used 10574K [0x00000000e0000000, 0x0000000100000000)
  region size 1024K, 3 young (3072K), 3 survivors (3072K)
 Metaspace       used 7773K, committed 7936K, reserved 393216K
  class space    used 785K, committed 896K, reserved 327680K
}
Event: 1.706 GC heap before
{Heap before GC invocations=1 (full 0):
 garbage-first heap   total 262144K, used 38222K [0x00000000e0000000, 0x0000000100000000)
  region size 1024K, 30 young (30720K), 3 survivors (3072K)
 Metaspace       used 10242K, committed 10496K, reserved 393216K
  class space    used 1136K, committed 1280K, reserved 327680K
}
Event: 1.710 GC heap after
{Heap after GC invocations=2 (full 0):
 garbage-first heap   total 262144K, used 12049K [0x00000000e0000000, 0x0000000100000000)
  region size 1024K, 2 young (2048K), 2 survivors (2048K)
 Metaspace       used 10242K, committed 10496K, reserved 393216K
  class space    used 1136K, committed 1280K, reserved 327680K
}
Event: 3.520 GC heap before
{Heap before GC invocations=2 (full 0):
 garbage-first heap   total 262144K, used 88849K [0x00000000e0000000, 0x0000000100000000)
  region size 1024K, 76 young (77824K), 2 survivors (2048K)
 Metaspace       used 21212K, committed 21504K, reserved 393216K
  class space    used 2670K, committed 2816K, reserved 327680K
}
Event: 3.527 GC heap after
{Heap after GC invocations=3 (full 0):
 garbage-first heap   total 262144K, used 20872K [0x00000000e0000000, 0x0000000100000000)
  region size 1024K, 9 young (9216K), 9 survivors (9216K)
 Metaspace       used 21212K, committed 21504K, reserved 393216K
  class space    used 2670K, committed 2816K, reserved 327680K
}
Event: 6.285 GC heap before
{Heap before GC invocations=4 (full 0):
 garbage-first heap   total 262144K, used 132488K [0x00000000e0000000, 0x0000000100000000)
  region size 1024K, 119 young (121856K), 9 survivors (9216K)
 Metaspace       used 35629K, committed 35968K, reserved 393216K
  class space    used 4977K, committed 5120K, reserved 327680K
}
Event: 6.295 GC heap after
{Heap after GC invocations=5 (full 0):
 garbage-first heap   total 262144K, used 26426K [0x00000000e0000000, 0x0000000100000000)
  region size 1024K, 15 young (15360K), 15 survivors (15360K)
 Metaspace       used 35629K, committed 35968K, reserved 393216K
  class space    used 4977K, committed 5120K, reserved 327680K
}
Event: 6.315 GC heap before
{Heap before GC invocations=5 (full 0):
 garbage-first heap   total 262144K, used 27450K [0x00000000e0000000, 0x0000000100000000)
  region size 1024K, 16 young (16384K), 15 survivors (15360K)
 Metaspace       used 35775K, committed 36160K, reserved 393216K
  class space    used 4998K, committed 5184K, reserved 327680K
}
Event: 6.324 GC heap after
{Heap after GC invocations=6 (full 0):
 garbage-first heap   total 262144K, used 27225K [0x00000000e0000000, 0x0000000100000000)
  region size 1024K, 2 young (2048K), 2 survivors (2048K)
 Metaspace       used 35775K, committed 36160K, reserved 393216K
  class space    used 4998K, committed 5184K, reserved 327680K
}
Event: 6.341 GC heap before
{Heap before GC invocations=6 (full 0):
 garbage-first heap   total 262144K, used 28249K [0x00000000e0000000, 0x0000000100000000)
  region size 1024K, 4 young (4096K), 2 survivors (2048K)
 Metaspace       used 35890K, committed 36288K, reserved 393216K
  class space    used 5022K, committed 5248K, reserved 327680K
}
Event: 6.342 GC heap after
{Heap after GC invocations=7 (full 0):
 garbage-first heap   total 262144K, used 26250K [0x00000000e0000000, 0x0000000100000000)
  region size 1024K, 1 young (1024K), 1 survivors (1024K)
 Metaspace       used 35890K, committed 36288K, reserved 393216K
  class space    used 5022K, committed 5248K, reserved 327680K
}
Event: 11.881 GC heap before
{Heap before GC invocations=8 (full 0):
 garbage-first heap   total 262144K, used 188042K [0x00000000e0000000, 0x0000000100000000)
  region size 1024K, 153 young (156672K), 1 survivors (1024K)
 Metaspace       used 52233K, committed 52672K, reserved 393216K
  class space    used 7133K, committed 7360K, reserved 327680K
}
Event: 11.889 GC heap after
{Heap after GC invocations=9 (full 0):
 garbage-first heap   total 262144K, used 36278K [0x00000000e0000000, 0x0000000100000000)
  region size 1024K, 11 young (11264K), 11 survivors (11264K)
 Metaspace       used 52233K, committed 52672K, reserved 393216K
  class space    used 7133K, committed 7360K, reserved 327680K
}
Event: 14.124 GC heap before
{Heap before GC invocations=9 (full 0):
 garbage-first heap   total 262144K, used 180662K [0x00000000e0000000, 0x0000000100000000)
  region size 1024K, 153 young (156672K), 11 survivors (11264K)
 Metaspace       used 59544K, committed 60160K, reserved 393216K
  class space    used 8134K, committed 8448K, reserved 327680K
}
Event: 14.144 GC heap after
{Heap after GC invocations=10 (full 0):
 garbage-first heap   total 262144K, used 45907K [0x00000000e0000000, 0x0000000100000000)
  region size 1024K, 11 young (11264K), 11 survivors (11264K)
 Metaspace       used 59544K, committed 60160K, reserved 393216K
  class space    used 8134K, committed 8448K, reserved 327680K
}
Event: 14.999 GC heap before
{Heap before GC invocations=10 (full 0):
 garbage-first heap   total 262144K, used 67411K [0x00000000e0000000, 0x0000000100000000)
  region size 1024K, 34 young (34816K), 11 survivors (11264K)
 Metaspace       used 60072K, committed 60608K, reserved 393216K
  class space    used 8207K, committed 8448K, reserved 327680K
}
Event: 15.005 GC heap after
{Heap after GC invocations=11 (full 0):
 garbage-first heap   total 262144K, used 49887K [0x00000000e0000000, 0x0000000100000000)
  region size 1024K, 14 young (14336K), 14 survivors (14336K)
 Metaspace       used 60072K, committed 60608K, reserved 393216K
  class space    used 8207K, committed 8448K, reserved 327680K
}

