# JRE version: OpenJDK Runtime Environment Temurin-17.0.11+9 (17.0.11+9) (build 17.0.11+9)
# Java VM: OpenJDK 64-Bit Server VM Temurin-17.0.11+9 (17.0.11+9, mixed mode, tiered, compressed oops, compressed class ptrs, g1 gc, windows-amd64)
GC Precious Log:
 CPUs: 16 total, 16 available
 Memory: 5989M
 Large Page Support: Disabled
 NUMA Support: Disabled
 Compressed Oops: Enabled (32-bit)
 Heap Region Size: 1M
 Heap Min Capacity: 256M
 Heap Initial Capacity: 256M
 Heap Max Capacity: 512M
 Pre-touch: Disabled
 Parallel Workers: 13
 Concurrent Workers: 3
 Concurrent Refinement Workers: 13
 Periodic GC: Disabled
Heap:
 garbage-first heap   total 262144K, used 104132K [0x00000000e0000000, 0x0000000100000000)
  region size 1024K, 88 young (90112K), 15 survivors (15360K)
 Metaspace       used 44142K, committed 44544K, reserved 393216K
  class space    used 5933K, committed 6144K, reserved 327680K
GC Heap History (8 events):
Event: 0.949 GC heap before
{Heap before GC invocations=0 (full 0):
 garbage-first heap   total 262144K, used 26624K [0x00000000e0000000, 0x0000000100000000)
  region size 1024K, 23 young (23552K), 0 survivors (0K)
 Metaspace       used 7548K, committed 7616K, reserved 393216K
  class space    used 746K, committed 768K, reserved 327680K
}
Event: 0.953 GC heap after
{Heap after GC invocations=1 (full 0):
 garbage-first heap   total 262144K, used 10500K [0x00000000e0000000, 0x0000000100000000)
  region size 1024K, 3 young (3072K), 3 survivors (3072K)
 Metaspace       used 7548K, committed 7616K, reserved 393216K
  class space    used 746K, committed 768K, reserved 327680K
}
Event: 1.776 GC heap before
{Heap before GC invocations=1 (full 0):
 garbage-first heap   total 262144K, used 39172K [0x00000000e0000000, 0x0000000100000000)
  region size 1024K, 31 young (31744K), 3 survivors (3072K)
 Metaspace       used 10241K, committed 10496K, reserved 393216K
  class space    used 1136K, committed 1280K, reserved 327680K
}
Event: 1.779 GC heap after
{Heap after GC invocations=2 (full 0):
 garbage-first heap   total 262144K, used 11818K [0x00000000e0000000, 0x0000000100000000)
  region size 1024K, 2 young (2048K), 2 survivors (2048K)
 Metaspace       used 10241K, committed 10496K, reserved 393216K
  class space    used 1136K, committed 1280K, reserved 327680K
}
Event: 3.739 GC heap before
{Heap before GC invocations=2 (full 0):
 garbage-first heap   total 262144K, used 88618K [0x00000000e0000000, 0x0000000100000000)
  region size 1024K, 76 young (77824K), 2 survivors (2048K)
 Metaspace       used 21214K, committed 21504K, reserved 393216K
  class space    used 2670K, committed 2816K, reserved 327680K
}
Event: 3.746 GC heap after
{Heap after GC invocations=3 (full 0):
 garbage-first heap   total 262144K, used 20635K [0x00000000e0000000, 0x0000000100000000)
  region size 1024K, 9 young (9216K), 9 survivors (9216K)
 Metaspace       used 21214K, committed 21504K, reserved 393216K
  class space    used 2670K, committed 2816K, reserved 327680K
}
Event: 6.161 GC heap before
{Heap before GC invocations=4 (full 0):
 garbage-first heap   total 262144K, used 132251K [0x00000000e0000000, 0x0000000100000000)
  region size 1024K, 120 young (122880K), 9 survivors (9216K)
 Metaspace       used 35657K, committed 35968K, reserved 393216K
  class space    used 4981K, committed 5120K, reserved 327680K
}
Event: 6.171 GC heap after
{Heap after GC invocations=5 (full 0):
 garbage-first heap   total 262144K, used 26308K [0x00000000e0000000, 0x0000000100000000)
  region size 1024K, 15 young (15360K), 15 survivors (15360K)
 Metaspace       used 35657K, committed 35968K, reserved 393216K
  class space    used 4981K, committed 5120K, reserved 327680K
}

