# JRE version: OpenJDK Runtime Environment Temurin-17.0.11+9 (17.0.11+9) (build 17.0.11+9)
# Java VM: OpenJDK 64-Bit Server VM Temurin-17.0.11+9 (17.0.11+9, mixed mode, tiered, compressed oops, compressed class ptrs, g1 gc, windows-amd64)
GC Precious Log:
 CPUs: 16 total, 16 available
 Memory: 5989M
 Large Page Support: Disabled
 NUMA Support: Disabled
 Compressed Oops: Enabled (32-bit)
 Heap Region Size: 1M
 Heap Min Capacity: 256M
 Heap Initial Capacity: 256M
 Heap Max Capacity: 512M
 Pre-touch: Disabled
 Parallel Workers: 13
 Concurrent Workers: 3
 Concurrent Refinement Workers: 13
 Periodic GC: Disabled
Heap:
 garbage-first heap   total 262144K, used 87916K [0x00000000e0000000, 0x0000000100000000)
  region size 1024K, 66 young (67584K), 19 survivors (19456K)
 Metaspace       used 54501K, committed 55040K, reserved 393216K
  class space    used 7416K, committed 7680K, reserved 327680K
GC Heap History (10 events):
Event: 4.986 GC heap before
{Heap before GC invocations=0 (full 0):
 garbage-first heap   total 262144K, used 26624K [0x00000000e0000000, 0x0000000100000000)
  region size 1024K, 23 young (23552K), 0 survivors (0K)
 Metaspace       used 7665K, committed 7808K, reserved 393216K
  class space    used 768K, committed 832K, reserved 327680K
}
Event: 4.992 GC heap after
{Heap after GC invocations=1 (full 0):
 garbage-first heap   total 262144K, used 10743K [0x00000000e0000000, 0x0000000100000000)
  region size 1024K, 3 young (3072K), 3 survivors (3072K)
 Metaspace       used 7665K, committed 7808K, reserved 393216K
  class space    used 768K, committed 832K, reserved 327680K
}
Event: 6.445 GC heap before
{Heap before GC invocations=1 (full 0):
 garbage-first heap   total 262144K, used 38391K [0x00000000e0000000, 0x0000000100000000)
  region size 1024K, 30 young (30720K), 3 survivors (3072K)
 Metaspace       used 10236K, committed 10432K, reserved 393216K
  class space    used 1136K, committed 1280K, reserved 327680K
}
Event: 6.449 GC heap after
{Heap after GC invocations=2 (full 0):
 garbage-first heap   total 262144K, used 12011K [0x00000000e0000000, 0x0000000100000000)
  region size 1024K, 2 young (2048K), 2 survivors (2048K)
 Metaspace       used 10236K, committed 10432K, reserved 393216K
  class space    used 1136K, committed 1280K, reserved 327680K
}
Event: 9.736 GC heap before
{Heap before GC invocations=2 (full 0):
 garbage-first heap   total 262144K, used 86763K [0x00000000e0000000, 0x0000000100000000)
  region size 1024K, 74 young (75776K), 2 survivors (2048K)
 Metaspace       used 21241K, committed 21504K, reserved 393216K
  class space    used 2669K, committed 2816K, reserved 327680K
}
Event: 9.744 GC heap after
{Heap after GC invocations=3 (full 0):
 garbage-first heap   total 262144K, used 20926K [0x00000000e0000000, 0x0000000100000000)
  region size 1024K, 9 young (9216K), 9 survivors (9216K)
 Metaspace       used 21241K, committed 21504K, reserved 393216K
  class space    used 2669K, committed 2816K, reserved 327680K
}
Event: 13.167 GC heap before
{Heap before GC invocations=4 (full 0):
 garbage-first heap   total 262144K, used 136638K [0x00000000e0000000, 0x0000000100000000)
  region size 1024K, 124 young (126976K), 9 survivors (9216K)
 Metaspace       used 35629K, committed 35968K, reserved 393216K
  class space    used 4926K, committed 5056K, reserved 327680K
}
Event: 13.178 GC heap after
{Heap after GC invocations=5 (full 0):
 garbage-first heap   total 262144K, used 28033K [0x00000000e0000000, 0x0000000100000000)
  region size 1024K, 16 young (16384K), 16 survivors (16384K)
 Metaspace       used 35629K, committed 35968K, reserved 393216K
  class space    used 4926K, committed 5056K, reserved 327680K
}
Event: 89.552 GC heap before
{Heap before GC invocations=6 (full 0):
 garbage-first heap   total 262144K, used 172417K [0x00000000e0000000, 0x0000000100000000)
  region size 1024K, 153 young (156672K), 16 survivors (16384K)
 Metaspace       used 49229K, committed 49664K, reserved 393216K
  class space    used 6654K, committed 6848K, reserved 327680K
}
Event: 89.631 GC heap after
{Heap after GC invocations=7 (full 0):
 garbage-first heap   total 262144K, used 39788K [0x00000000e0000000, 0x0000000100000000)
  region size 1024K, 19 young (19456K), 19 survivors (19456K)
 Metaspace       used 49229K, committed 49664K, reserved 393216K
  class space    used 6654K, committed 6848K, reserved 327680K
}

